\BOOKMARK [1][-]{section.1}{\376\377\000I\000n\000t\000r\000o\000d\000u\000c\000c\000i\000\363\000n}{}% 1
\BOOKMARK [1][-]{section.2}{\376\377\000E\000s\000t\000r\000u\000c\000t\000u\000r\000a}{}% 2
\BOOKMARK [2][-]{subsection.2.1}{\376\377\000R\000u\000t\000a\000s\000\040\000P\000r\000i\000n\000c\000i\000p\000a\000l\000e\000s}{section.2}% 3
\BOOKMARK [2][-]{subsection.2.2}{\376\377\000M\000o\000d\000e\000l\000o\000s\000\040\000d\000e\000\040\000D\000a\000t\000o\000s}{section.2}% 4
\BOOKMARK [3][-]{subsubsection.2.2.1}{\376\377\000M\000o\000d\000e\000l\000o\000\040\000G\000r\000u\000p\000o}{subsection.2.2}% 5
\BOOKMARK [3][-]{subsubsection.2.2.2}{\376\377\000M\000o\000d\000e\000l\000o\000\040\000U\000s\000u\000a\000r\000i\000o}{subsection.2.2}% 6
\BOOKMARK [1][-]{section.3}{\376\377\000B\000a\000s\000e\000\040\000d\000e\000\040\000D\000a\000t\000o\000s}{}% 7
\BOOKMARK [1][-]{section.4}{\376\377\000E\000n\000d\000p\000o\000i\000n\000t\000s}{}% 8
\BOOKMARK [1][-]{section.5}{\376\377\000E\000n\000d\000p\000o\000i\000n\000t\000s}{}% 9
\BOOKMARK [2][-]{subsection.5.1}{\376\377\000E\000n\000d\000p\000o\000i\000n\000t\000s\000\040\000P\000O\000S\000T}{section.5}% 10
\BOOKMARK [3][-]{subsubsection.5.1.1}{\376\377\000P\000O\000S\000T\000\040\000/\000a\000p\000i\000/\000u\000s\000u\000a\000r\000i\000o\000s\000/\000c\000r\000e\000a\000t\000e}{subsection.5.1}% 11
\BOOKMARK [3][-]{subsubsection.5.1.2}{\376\377\000P\000O\000S\000T\000\040\000/\000a\000p\000i\000/\000u\000s\000u\000a\000r\000i\000o\000s\000/\000r\000e\000a\000d}{subsection.5.1}% 12
\BOOKMARK [3][-]{subsubsection.5.1.3}{\376\377\000P\000O\000S\000T\000\040\000/\000a\000p\000i\000/\000g\000r\000u\000p\000o\000s\000/\000c\000r\000e\000a\000t\000e}{subsection.5.1}% 13
\BOOKMARK [3][-]{subsubsection.5.1.4}{\376\377\000P\000O\000S\000T\000\040\000/\000a\000p\000i\000/\000g\000r\000u\000p\000o\000s\000/\000r\000e\000a\000d}{subsection.5.1}% 14
\BOOKMARK [2][-]{subsection.5.2}{\376\377\000E\000n\000d\000p\000o\000i\000n\000t\000s\000\040\000P\000U\000T}{section.5}% 15
\BOOKMARK [3][-]{subsubsection.5.2.1}{\376\377\000P\000U\000T\000\040\000/\000a\000p\000i\000/\000u\000s\000u\000a\000r\000i\000o\000s\000/\000u\000p\000d\000a\000t\000e}{subsection.5.2}% 16
\BOOKMARK [3][-]{subsubsection.5.2.2}{\376\377\000P\000U\000T\000\040\000/\000a\000p\000i\000/\000g\000r\000u\000p\000o\000s\000/\000u\000p\000d\000a\000t\000e}{subsection.5.2}% 17
\BOOKMARK [2][-]{subsection.5.3}{\376\377\000E\000n\000d\000p\000o\000i\000n\000t\000s\000\040\000D\000E\000L\000E\000T\000E}{section.5}% 18
\BOOKMARK [3][-]{subsubsection.5.3.1}{\376\377\000D\000E\000L\000E\000T\000E\000\040\000/\000a\000p\000i\000/\000u\000s\000u\000a\000r\000i\000o\000s\000/\000d\000e\000l\000e\000t\000e}{subsection.5.3}% 19
\BOOKMARK [3][-]{subsubsection.5.3.2}{\376\377\000D\000E\000L\000E\000T\000E\000\040\000/\000a\000p\000i\000/\000g\000r\000u\000p\000o\000s\000/\000d\000e\000l\000e\000t\000e}{subsection.5.3}% 20
\BOOKMARK [2][-]{subsection.5.4}{\376\377\000E\000n\000d\000p\000o\000i\000n\000t\000s\000\040\000G\000E\000T}{section.5}% 21
\BOOKMARK [3][-]{subsubsection.5.4.1}{\376\377\000G\000E\000T\000\040\000/\000a\000p\000i\000/\000u\000s\000u\000a\000r\000i\000o\000s\000/\000r\000e\000a\000d\000a\000l\000l}{subsection.5.4}% 22
\BOOKMARK [3][-]{subsubsection.5.4.2}{\376\377\000G\000E\000T\000\040\000/\000a\000p\000i\000/\000g\000r\000u\000p\000o\000s\000/\000r\000e\000a\000d\000a\000l\000l}{subsection.5.4}% 23
\BOOKMARK [1][-]{section.6}{\376\377\000M\000a\000n\000e\000j\000o\000\040\000d\000e\000\040\000E\000r\000r\000o\000r\000e\000s}{}% 24
\BOOKMARK [1][-]{section.7}{\376\377\000E\000j\000e\000m\000p\000l\000o\000s\000\040\000d\000e\000\040\000U\000s\000o}{}% 25
\BOOKMARK [1][-]{section.8}{\376\377\000C\000o\000n\000s\000i\000d\000e\000r\000a\000c\000i\000o\000n\000e\000s\000\040\000T\000\351\000c\000n\000i\000c\000a\000s}{}% 26
\BOOKMARK [2][-]{subsection.8.1}{\376\377\000C\000\363\000d\000i\000g\000o\000s\000\040\000d\000e\000\040\000E\000s\000t\000a\000d\000o\000\040\000H\000T\000T\000P}{section.8}% 27
\BOOKMARK [2][-]{subsection.8.2}{\376\377\000S\000t\000a\000c\000k\000\040\000t\000e\000c\000n\000o\000l\000\363\000g\000i\000c\000o}{section.8}% 28
\BOOKMARK [2][-]{subsection.8.3}{\376\377\000V\000a\000r\000i\000a\000b\000l\000e\000s\000\040\000d\000e\000\040\000e\000n\000t\000o\000r\000n\000o\000\040\000\050\000.\000e\000n\000v\000\051}{section.8}% 29
\BOOKMARK [1][-]{section.9}{\376\377\000D\000o\000c\000k\000e\000r\000i\000z\000a\000c\000i\000o\000n}{}% 30
\BOOKMARK [2][-]{subsection.9.1}{\376\377\000D\000o\000c\000k\000e\000r\000f\000i\000l\000e}{section.9}% 31
\BOOKMARK [2][-]{subsection.9.2}{\376\377\000A\000r\000c\000h\000i\000v\000o\000\040\000Y\000A\000M\000L}{section.9}% 32
\BOOKMARK [2][-]{subsection.9.3}{\376\377\000P\000u\000s\000h\000e\000a\000r\000\040\000i\000m\000a\000g\000e\000n\000\040\000a\000\040\000D\000o\000c\000k\000e\000r\000h\000u\000b}{section.9}% 33
\BOOKMARK [1][-]{section.10}{\376\377\000G\000i\000t\000h\000u\000b\000\040\000A\000c\000t\000i\000o\000n\000s}{}% 34
\BOOKMARK [2][-]{subsection.10.1}{\376\377\000N\000o\000t\000i\000f\000i\000c\000a\000c\000i\000o\000n\000\040\000a\000l\000\040\000p\000u\000s\000h\000e\000a\000r}{section.10}% 35
